
   PASS  Tests\Unit\ExampleTest
  âœ“ that true is true                                                    0.01s  

   PASS  Tests\Feature\Auth\AuthenticationTest
  âœ“ login screen can be rendered                                         0.53s  
  âœ“ users can authenticate using the login screen                        0.15s  
  âœ“ users can not authenticate with invalid password                     0.23s  

   PASS  Tests\Feature\Auth\EmailVerificationTest
  âœ“ email verification screen can be rendered                            0.03s  
  âœ“ email can be verified                                                0.03s  
  âœ“ email is not verified with invalid hash                              0.04s  

   PASS  Tests\Feature\Auth\PasswordConfirmationTest
  âœ“ confirm password screen can be rendered                              0.03s  
  âœ“ password can be confirmed                                            0.08s  
  âœ“ password is not confirmed with invalid password                      0.23s  

   PASS  Tests\Feature\Auth\PasswordResetTest
  âœ“ reset password link screen can be rendered                           0.05s  
  âœ“ reset password link can be requested                                 0.05s  
  âœ“ reset password screen can be rendered                                0.04s  
  âœ“ password can be reset with valid token                               0.04s  

   PASS  Tests\Feature\Auth\PasswordUpdateTest
  âœ“ password can be updated                                              0.09s  
  âœ“ correct password must be provided to update password                 0.09s  

   PASS  Tests\Feature\Auth\RegistrationTest
  âœ“ registration screen can be rendered                                  0.04s  
  âœ“ new users can register                                               0.03s  

   PASS  Tests\Feature\ExampleTest
  âœ“ the application returns a successful response                        0.02s  

   FAIL  Tests\Unit\Http\Controllers\GithubApiControllerTest
  â¨¯ index returns correct response structure                             0.03s  
  â¨¯ store with valid data creates new record                             0.03s  
  â¨¯ store with existing id updates existing record                       0.02s  
  â¨¯ store with no data throws exception                                  0.03s  
  â¨¯ store with more than 5 records throws exception                      0.03s  
  â¨¯ remove with existing id deletes record                               0.02s  
  â¨¯ remove with non existing id throws exception                         0.02s  

   FAIL  Tests\Unit\GithubControllerTest
  âœ“ index                                                                0.04s  
  âœ“ add                                                                  0.04s  
  âœ“ show                                                                 0.04s  
  â¨¯ store creates new github                                             0.03s  
  â¨¯ store updates existing github                                        0.03s  
  âœ“ remove                                                               0.04s  

   PASS  Tests\Feature\ProfileTest
  âœ“ profile page is displayed                                            0.05s  
  âœ“ profile information can be updated                                   0.03s  
  âœ“ email verification status is unchanged when the email address is unâ€¦ 0.02s  
  âœ“ user can delete their account                                        0.08s  
  âœ“ correct password must be provided to delete account                  0.08s  

  â”€â”€â”€â”€â”€â”€â”€â”€â”€â”€â”€â”€â”€â”€â”€â”€â”€â”€â”€â”€â”€â”€â”€â”€â”€â”€â”€â”€â”€â”€â”€â”€â”€â”€â”€â”€â”€â”€â”€â”€â”€â”€â”€â”€â”€â”€â”€â”€â”€â”€â”€â”€â”€â”€â”€â”€â”€â”€â”€â”€â”€â”€â”€â”€â”€â”€â”€â”€â”€â”€â”€â”€â”€â”€â”€â”€  
   FAILED  Tests\Unit\Http\Controllers\GithubApiContâ€¦  RouteNotFoundException   
  Route [github.index] not defined.

  at vendor/laravel/framework/src/Illuminate/Routing/UrlGenerator.php:467
    463â–•         if (! is_null($route = $this->routes->getByName($name))) {
    464â–•             return $this->toRoute($route, $parameters, $absolute);
    465â–•         }
    466â–• 
  âžœ 467â–•         throw new RouteNotFoundException("Route [{$name}] not defined.");
    468â–•     }
    469â–• 
    470â–•     /**
    471â–•      * Get the URL for a given route instance.

      [2m+2 vendor frames [22m
  3   tests/Feature/GithubApiControllerTest.php:21

  â”€â”€â”€â”€â”€â”€â”€â”€â”€â”€â”€â”€â”€â”€â”€â”€â”€â”€â”€â”€â”€â”€â”€â”€â”€â”€â”€â”€â”€â”€â”€â”€â”€â”€â”€â”€â”€â”€â”€â”€â”€â”€â”€â”€â”€â”€â”€â”€â”€â”€â”€â”€â”€â”€â”€â”€â”€â”€â”€â”€â”€â”€â”€â”€â”€â”€â”€â”€â”€â”€â”€â”€â”€â”€â”€â”€  
   FAILED  Tests\Unit\Http\Controllers\GithubApiControllerTest > store withâ€¦    
  Expected response status code [201] but received 302.
Failed asserting that 201 is identical to 302.

  at tests/Feature/GithubApiControllerTest.php:57
     53â–•             'name' => 'Test Repository',
     54â–•             'url' => 'https://github.com/test/repository',
     55â–•         ]);
     56â–• 
  âžœ  57â–•         $response->assertStatus(JsonResponse::HTTP_CREATED)
     58â–•                  ->assertJson([
     59â–•                      'success' => true,
     60â–•                      'id' => 1,
     61â–•                  ]);

  â”€â”€â”€â”€â”€â”€â”€â”€â”€â”€â”€â”€â”€â”€â”€â”€â”€â”€â”€â”€â”€â”€â”€â”€â”€â”€â”€â”€â”€â”€â”€â”€â”€â”€â”€â”€â”€â”€â”€â”€â”€â”€â”€â”€â”€â”€â”€â”€â”€â”€â”€â”€â”€â”€â”€â”€â”€â”€â”€â”€â”€â”€â”€â”€â”€â”€â”€â”€â”€â”€â”€â”€â”€â”€â”€â”€  
   FAILED  Tests\Unit\Http\Controllers\GithubApiControllerTest > store withâ€¦    
  Failed asserting that table [githubs] matches expected entries count of 0. Entries found: 1.
.

  at tests/Feature/GithubApiControllerTest.php:68
     64â–•     }
     65â–• 
     66â–•     public function test_store_with_existing_id_updates_existing_record()
     67â–•     {
  âžœ  68â–•         $this->assertDatabaseCount('githubs', 0);
     69â–• 
     70â–•         $github = Github::factory()->create([
     71â–•             'name' => 'Test Repository',
     72â–•             'url' => 'https://github.com/test/repository',

  â”€â”€â”€â”€â”€â”€â”€â”€â”€â”€â”€â”€â”€â”€â”€â”€â”€â”€â”€â”€â”€â”€â”€â”€â”€â”€â”€â”€â”€â”€â”€â”€â”€â”€â”€â”€â”€â”€â”€â”€â”€â”€â”€â”€â”€â”€â”€â”€â”€â”€â”€â”€â”€â”€â”€â”€â”€â”€â”€â”€â”€â”€â”€â”€â”€â”€â”€â”€â”€â”€â”€â”€â”€â”€â”€â”€  
   FAILED  Tests\Unit\Http\Controllers\GithubApiControâ€¦  AssertionFailedError   
  Failed asserting that exception with message "Data not found" is thrown

  â”€â”€â”€â”€â”€â”€â”€â”€â”€â”€â”€â”€â”€â”€â”€â”€â”€â”€â”€â”€â”€â”€â”€â”€â”€â”€â”€â”€â”€â”€â”€â”€â”€â”€â”€â”€â”€â”€â”€â”€â”€â”€â”€â”€â”€â”€â”€â”€â”€â”€â”€â”€â”€â”€â”€â”€â”€â”€â”€â”€â”€â”€â”€â”€â”€â”€â”€â”€â”€â”€â”€â”€â”€â”€â”€â”€  
   FAILED  Tests\Unit\Http\Controllers\GithubApiControâ€¦  AssertionFailedError   
  Failed asserting that exception with message "Cannot create more than 5 records." is thrown

  â”€â”€â”€â”€â”€â”€â”€â”€â”€â”€â”€â”€â”€â”€â”€â”€â”€â”€â”€â”€â”€â”€â”€â”€â”€â”€â”€â”€â”€â”€â”€â”€â”€â”€â”€â”€â”€â”€â”€â”€â”€â”€â”€â”€â”€â”€â”€â”€â”€â”€â”€â”€â”€â”€â”€â”€â”€â”€â”€â”€â”€â”€â”€â”€â”€â”€â”€â”€â”€â”€â”€â”€â”€â”€â”€â”€  
   FAILED  Tests\Unit\Http\Controllers\GithubApiControllerTest > remove withâ€¦   
  Failed asserting that table [githubs] matches expected entries count of 1. Entries found: 7.
.

  at tests/Feature/GithubApiControllerTest.php:113
    109â–•     public function test_remove_with_existing_id_deletes_record()
    110â–•     {
    111â–•         $github = Github::factory()->create();
    112â–• 
  âžœ 113â–•         $this->assertDatabaseCount('githubs', 1);
    114â–• 
    115â–•         $response = $this->deleteJson(route('github.remove', $github->id));
    116â–• 
    117â–•         $response->assertStatus(JsonResponse::HTTP_OK)

  â”€â”€â”€â”€â”€â”€â”€â”€â”€â”€â”€â”€â”€â”€â”€â”€â”€â”€â”€â”€â”€â”€â”€â”€â”€â”€â”€â”€â”€â”€â”€â”€â”€â”€â”€â”€â”€â”€â”€â”€â”€â”€â”€â”€â”€â”€â”€â”€â”€â”€â”€â”€â”€â”€â”€â”€â”€â”€â”€â”€â”€â”€â”€â”€â”€â”€â”€â”€â”€â”€â”€â”€â”€â”€â”€â”€  
   FAILED  Tests\Unit\Http\Controllers\GithubApiControâ€¦  AssertionFailedError   
  Failed asserting that exception with message "Record not found" is thrown

  â”€â”€â”€â”€â”€â”€â”€â”€â”€â”€â”€â”€â”€â”€â”€â”€â”€â”€â”€â”€â”€â”€â”€â”€â”€â”€â”€â”€â”€â”€â”€â”€â”€â”€â”€â”€â”€â”€â”€â”€â”€â”€â”€â”€â”€â”€â”€â”€â”€â”€â”€â”€â”€â”€â”€â”€â”€â”€â”€â”€â”€â”€â”€â”€â”€â”€â”€â”€â”€â”€â”€â”€â”€â”€â”€â”€  
   FAILED  Tests\Unit\GithubControllerTest > store creates new github           
  Failed asserting that false is true.

The following errors occurred during the last request:

The url must be a valid Github repository URL.

  at tests/Feature/GithubControllerTest.php:63
     59â–• 
     60â–•         $githubData = Github::factory()->make()->toArray();
     61â–•         $response = $this->post(route('github.store'), $githubData);
     62â–• 
  âžœ  63â–•         $this->assertTrue(session()->has('status'));
     64â–•         $this->assertEquals('github-created', session('status'));
     65â–•         $response->assertRedirect(route('github'));
     66â–• 
     67â–•         $this->assertDatabaseHas('githubs', $githubData);

  1   tests/Feature/GithubControllerTest.php:63

  â”€â”€â”€â”€â”€â”€â”€â”€â”€â”€â”€â”€â”€â”€â”€â”€â”€â”€â”€â”€â”€â”€â”€â”€â”€â”€â”€â”€â”€â”€â”€â”€â”€â”€â”€â”€â”€â”€â”€â”€â”€â”€â”€â”€â”€â”€â”€â”€â”€â”€â”€â”€â”€â”€â”€â”€â”€â”€â”€â”€â”€â”€â”€â”€â”€â”€â”€â”€â”€â”€â”€â”€â”€â”€â”€â”€  
   FAILED  Tests\Unit\GithubControllerTest > store updates existing github      
  Failed asserting that null matches expected 'github-updated'.

The following errors occurred during the last request:

Cannot create more than 5 records.

  at tests/Feature/GithubControllerTest.php:79
     75â–• 
     76â–•         $response = $this->actingAs($user)->patch(route('github.store', ['id' => $github->id]), $newData);
     77â–• 
     78â–•         $response->assertRedirect(route('github'));
  âžœ  79â–•         $response->assertSessionHas('status', 'github-updated');
     80â–• 
     81â–•         $this->assertDatabaseHas('githubs', $newData);
     82â–•         $this->assertDatabaseMissing('githubs', $github->toArray());
     83â–•     }


  Tests:    9 failed, 28 passed (84 assertions)
  Duration: 2.58s

